
> trading-dashboard@0.1.0 start
> react-scripts start

(node:12798) [DEP_WEBPACK_DEV_SERVER_ON_AFTER_SETUP_MIDDLEWARE] DeprecationWarning: 'onAfterSetupMiddleware' option is deprecated. Please use the 'setupMiddlewares' option.
(Use `node --trace-deprecation ...` to show where the warning was created)
(node:12798) [DEP_WEBPACK_DEV_SERVER_ON_BEFORE_SETUP_MIDDLEWARE] DeprecationWarning: 'onBeforeSetupMiddleware' option is deprecated. Please use the 'setupMiddlewares' option.
Starting the development server...

Compiled successfully!

You can now view trading-dashboard in the browser.

  Local:            http://localhost:3000
  On Your Network:  http://192.168.1.15:3000

Note that the development build is not optimized.
To create a production build, use npm run build.

webpack compiled successfully
Compiling...
Compiled with warnings.

[eslint] 
src/contexts/ThemeContext.js
  Line 30:10:   'currentColorIndex' is assigned a value but never used                                                                                   no-unused-vars
  Line 47:6:    React Hook useEffect has missing dependencies: 'primaryColor' and 'primaryColorRgb'. Either include them or remove the dependency array  react-hooks/exhaustive-deps
  Line 108:11:  'defaultColorRgb' is assigned a value but never used                                                                                     no-unused-vars

Search for the keywords to learn more about each warning.
To ignore, add // eslint-disable-next-line to the line before.

WARNING in [eslint] 
src/contexts/ThemeContext.js
  Line 30:10:   'currentColorIndex' is assigned a value but never used                                                                                   no-unused-vars
  Line 47:6:    React Hook useEffect has missing dependencies: 'primaryColor' and 'primaryColorRgb'. Either include them or remove the dependency array  react-hooks/exhaustive-deps
  Line 108:11:  'defaultColorRgb' is assigned a value but never used                                                                                     no-unused-vars

webpack compiled with 1 warning
Compiling...
Compiled with warnings.

[eslint] 
src/contexts/ThemeContext.js
  Line 47:6:    React Hook useEffect has missing dependencies: 'primaryColor' and 'primaryColorRgb'. Either include them or remove the dependency array  react-hooks/exhaustive-deps
  Line 129:11:  'defaultColorRgb' is assigned a value but never used                                                                                     no-unused-vars

Search for the keywords to learn more about each warning.
To ignore, add // eslint-disable-next-line to the line before.

WARNING in [eslint] 
src/contexts/ThemeContext.js
  Line 47:6:    React Hook useEffect has missing dependencies: 'primaryColor' and 'primaryColorRgb'. Either include them or remove the dependency array  react-hooks/exhaustive-deps
  Line 129:11:  'defaultColorRgb' is assigned a value but never used                                                                                     no-unused-vars

webpack compiled with 1 warning
Compiling...
Compiled with warnings.

[eslint] 
src/components/ThemeCustomizer/ThemeCustomizer.jsx
  Line 3:50:  'FaMagic' is defined but never used                     no-unused-vars
  Line 13:5:  'isDynamicMode' is assigned a value but never used      no-unused-vars
  Line 14:5:  'currentColorIndex' is assigned a value but never used  no-unused-vars
  Line 16:5:  'toggleDynamicMode' is assigned a value but never used  no-unused-vars

src/contexts/ThemeContext.js
  Line 47:6:    React Hook useEffect has missing dependencies: 'primaryColor' and 'primaryColorRgb'. Either include them or remove the dependency array  react-hooks/exhaustive-deps
  Line 129:11:  'defaultColorRgb' is assigned a value but never used                                                                                     no-unused-vars

Search for the keywords to learn more about each warning.
To ignore, add // eslint-disable-next-line to the line before.

WARNING in [eslint] 
src/components/ThemeCustomizer/ThemeCustomizer.jsx
  Line 3:50:  'FaMagic' is defined but never used                     no-unused-vars
  Line 13:5:  'isDynamicMode' is assigned a value but never used      no-unused-vars
  Line 14:5:  'currentColorIndex' is assigned a value but never used  no-unused-vars
  Line 16:5:  'toggleDynamicMode' is assigned a value but never used  no-unused-vars

src/contexts/ThemeContext.js
  Line 47:6:    React Hook useEffect has missing dependencies: 'primaryColor' and 'primaryColorRgb'. Either include them or remove the dependency array  react-hooks/exhaustive-deps
  Line 129:11:  'defaultColorRgb' is assigned a value but never used                                                                                     no-unused-vars

webpack compiled with 1 warning
Compiling...
Compiled with warnings.

[eslint] 
src/contexts/ThemeContext.js
  Line 47:6:    React Hook useEffect has missing dependencies: 'primaryColor' and 'primaryColorRgb'. Either include them or remove the dependency array  react-hooks/exhaustive-deps
  Line 129:11:  'defaultColorRgb' is assigned a value but never used                                                                                     no-unused-vars

Search for the keywords to learn more about each warning.
To ignore, add // eslint-disable-next-line to the line before.

WARNING in [eslint] 
src/contexts/ThemeContext.js
  Line 47:6:    React Hook useEffect has missing dependencies: 'primaryColor' and 'primaryColorRgb'. Either include them or remove the dependency array  react-hooks/exhaustive-deps
  Line 129:11:  'defaultColorRgb' is assigned a value but never used                                                                                     no-unused-vars

webpack compiled with 1 warning
Compiling...
Compiled with warnings.

[eslint] 
src/contexts/ThemeContext.js
  Line 47:6:    React Hook useEffect has missing dependencies: 'primaryColor' and 'primaryColorRgb'. Either include them or remove the dependency array  react-hooks/exhaustive-deps
  Line 129:11:  'defaultColorRgb' is assigned a value but never used                                                                                     no-unused-vars

Search for the keywords to learn more about each warning.
To ignore, add // eslint-disable-next-line to the line before.

WARNING in [eslint] 
src/contexts/ThemeContext.js
  Line 47:6:    React Hook useEffect has missing dependencies: 'primaryColor' and 'primaryColorRgb'. Either include them or remove the dependency array  react-hooks/exhaustive-deps
  Line 129:11:  'defaultColorRgb' is assigned a value but never used                                                                                     no-unused-vars

webpack compiled with 1 warning
Compiling...
Compiled with warnings.

[eslint] 
src/contexts/ThemeContext.js
  Line 47:6:    React Hook useEffect has missing dependencies: 'primaryColor' and 'primaryColorRgb'. Either include them or remove the dependency array  react-hooks/exhaustive-deps
  Line 129:11:  'defaultColorRgb' is assigned a value but never used                                                                                     no-unused-vars

Search for the keywords to learn more about each warning.
To ignore, add // eslint-disable-next-line to the line before.

WARNING in [eslint] 
src/contexts/ThemeContext.js
  Line 47:6:    React Hook useEffect has missing dependencies: 'primaryColor' and 'primaryColorRgb'. Either include them or remove the dependency array  react-hooks/exhaustive-deps
  Line 129:11:  'defaultColorRgb' is assigned a value but never used                                                                                     no-unused-vars

webpack compiled with 1 warning
